<?xml version="1.0" encoding="UTF-8"?>
<!-- Generated by org.testng.reporters.JUnitReportReporter -->
<testsuite hostname="DESKTOP-CTL94RM" name="Revopay.NewAP158_LoginIntoTheSystem" tests="1" failures="0" timestamp="5 Jun 2018 21:01:11 GMT" time="5.561" errors="0">
  <testcase name="basePageNavigation2" time="5.561" classname="Revopay.NewAP158_LoginIntoTheSystem"/>
</testsuite> <!-- Revopay.NewAP158_LoginIntoTheSystem -->
