<?xml version="1.0" encoding="UTF-8"?>
<!-- Generated by org.testng.reporters.JUnitReportReporter -->
<testsuite hostname="DESKTOP-CTL94RM" name="Revopay.NewAP021_POSITIVE_ManageUserSearchMultipleFieldsVerifyMultipleResults" tests="1" failures="0" timestamp="12 Jun 2018 01:15:12 GMT" time="17.257" errors="0">
  <testcase name="basePageNavigation2" time="17.257" classname="Revopay.NewAP021_POSITIVE_ManageUserSearchMultipleFieldsVerifyMultipleResults"/>
</testsuite> <!-- Revopay.NewAP021_POSITIVE_ManageUserSearchMultipleFieldsVerifyMultipleResults -->
