<?xml version="1.0" encoding="UTF-8"?>
<!-- Generated by org.testng.reporters.JUnitReportReporter -->
<testsuite hostname="VB-9560-02" name="Revopay.NewAP008_POSITIVE_ShowRecentActivity" tests="1" failures="0" timestamp="26 Jun 2018 18:50:20 GMT" time="5.704" errors="0">
  <testcase name="basePageNavigation2" time="5.704" classname="Revopay.NewAP008_POSITIVE_ShowRecentActivity"/>
</testsuite> <!-- Revopay.NewAP008_POSITIVE_ShowRecentActivity -->
