<?xml version="1.0" encoding="UTF-8"?>
<!-- Generated by org.testng.reporters.JUnitReportReporter -->
<testsuite hostname="DESKTOP-CTL94RM" name="Revopay.LandingPage" tests="1" failures="0" timestamp="29 May 2018 18:50:25 GMT" time="3.863" errors="0">
  <testcase name="basePageNavigation" time="3.863" classname="Revopay.LandingPage"/>
</testsuite> <!-- Revopay.LandingPage -->
