<?xml version="1.0" encoding="UTF-8"?>
<!-- Generated by org.testng.reporters.JUnitReportReporter -->
<testsuite hostname="VB-9560-02" name="Revopay.NewAP158_POSITIVE_LoginIntoTheSystem" tests="1" failures="0" timestamp="14 Jun 2018 20:17:46 GMT" time="11.337" errors="0">
  <testcase name="basePageNavigation2" time="11.337" classname="Revopay.NewAP158_POSITIVE_LoginIntoTheSystem"/>
</testsuite> <!-- Revopay.NewAP158_POSITIVE_LoginIntoTheSystem -->
