<?xml version="1.0" encoding="UTF-8"?>
<!-- Generated by org.testng.reporters.JUnitReportReporter -->
<testsuite hostname="VB-9560-02" name="Revopay.NewAP004_POSITIVE_ShowDashboardInformationAndStatistics" tests="1" failures="0" timestamp="21 Jun 2018 22:38:59 GMT" time="5.292" errors="0">
  <testcase name="basePageNavigation2" time="5.292" classname="Revopay.NewAP004_POSITIVE_ShowDashboardInformationAndStatistics"/>
</testsuite> <!-- Revopay.NewAP004_POSITIVE_ShowDashboardInformationAndStatistics -->
