<?xml version="1.0" encoding="UTF-8"?>
<!-- Generated by org.testng.reporters.JUnitReportReporter -->
<testsuite hostname="VB-9560-02" name="Revopay.NewAP007_POSITIVE_ShowActiveAutopaymentsReport" tests="1" failures="0" timestamp="25 Jun 2018 23:37:09 GMT" time="11.997" errors="0">
  <testcase name="basePageNavigation2" time="11.997" classname="Revopay.NewAP007_POSITIVE_ShowActiveAutopaymentsReport"/>
</testsuite> <!-- Revopay.NewAP007_POSITIVE_ShowActiveAutopaymentsReport -->
