<?xml version="1.0" encoding="UTF-8"?>
<!-- Generated by org.testng.reporters.JUnitReportReporter -->
<testsuite hostname="DESKTOP-CTL94RM" name="Revopay.NewAP009_POSITIVE_ManageUserActionOpenProfilePaymentHistory" tests="1" failures="0" timestamp="12 Jun 2018 23:50:28 GMT" time="15.132" errors="0">
  <testcase name="basePageNavigation2" time="15.132" classname="Revopay.NewAP009_POSITIVE_ManageUserActionOpenProfilePaymentHistory"/>
</testsuite> <!-- Revopay.NewAP009_POSITIVE_ManageUserActionOpenProfilePaymentHistory -->
