<?xml version="1.0" encoding="UTF-8"?>
<!-- Generated by org.testng.reporters.JUnitReportReporter -->
<testsuite hostname="VB-9560-02" name="Revopay.NewAP012_POSITIVE_ManageWebUserPaymentsCategories" tests="1" failures="0" timestamp="29 Jun 2018 20:51:01 GMT" time="16.253" errors="0">
  <testcase name="basePageNavigation2" time="16.253" classname="Revopay.NewAP012_POSITIVE_ManageWebUserPaymentsCategories"/>
</testsuite> <!-- Revopay.NewAP012_POSITIVE_ManageWebUserPaymentsCategories -->
