<?xml version="1.0" encoding="UTF-8"?>
<!-- Generated by org.testng.reporters.JUnitReportReporter -->
<testsuite hostname="DESKTOP-CTL94RM" name="Revopay.ManageUserSearchMultipleFieldsVerifyMultipleResults" tests="1" failures="0" timestamp="8 Jun 2018 23:11:10 GMT" time="12.166" errors="0">
  <testcase name="basePageNavigation2" time="12.166" classname="Revopay.ManageUserSearchMultipleFieldsVerifyMultipleResults"/>
</testsuite> <!-- Revopay.ManageUserSearchMultipleFieldsVerifyMultipleResults -->
