<?xml version="1.0" encoding="UTF-8"?>
<!-- Generated by org.testng.reporters.JUnitReportReporter -->
<testsuite hostname="VB-9560-02" name="Revopay.NewAP011_POSITIVE_InvoiceHistoryAndPayPendingInvoice" tests="1" failures="0" timestamp="29 Jun 2018 20:08:51 GMT" time="61.838" errors="0">
  <testcase name="basePageNavigation2" time="61.838" classname="Revopay.NewAP011_POSITIVE_InvoiceHistoryAndPayPendingInvoice"/>
</testsuite> <!-- Revopay.NewAP011_POSITIVE_InvoiceHistoryAndPayPendingInvoice -->
