<?xml version="1.0" encoding="UTF-8"?>
<!-- Generated by org.testng.reporters.JUnitReportReporter -->
<testsuite hostname="VB-9560-02" name="Revopay.NewAP005_POSITIVE_ShowDepositReport" tests="1" failures="0" timestamp="21 Jun 2018 23:26:47 GMT" time="11.066" errors="0">
  <testcase name="basePageNavigation2" time="11.066" classname="Revopay.NewAP005_POSITIVE_ShowDepositReport"/>
</testsuite> <!-- Revopay.NewAP005_POSITIVE_ShowDepositReport -->
