<?xml version="1.0" encoding="UTF-8"?>
<!-- Generated by org.testng.reporters.JUnitReportReporter -->
<testsuite hostname="DESKTOP-CTL94RM" name="Revopay.HomePage" tests="1" failures="0" timestamp="30 May 2018 18:45:31 GMT" time="17.729" errors="0">
  <testcase name="basePageNavigation" time="17.729" classname="Revopay.HomePage"/>
</testsuite> <!-- Revopay.HomePage -->
