<?xml version="1.0" encoding="UTF-8"?>
<!-- Generated by org.testng.reporters.JUnitReportReporter -->
<testsuite hostname="VB-9560-02" name="Revopay.NewAP010_POSITIVE_ManageUserActionOpenProfilePaymentHistorySchedPaymentAndNewAutopay" tests="1" failures="0" timestamp="14 Jun 2018 20:59:17 GMT" time="644.555" errors="0">
  <testcase name="basePageNavigation2" time="644.555" classname="Revopay.NewAP010_POSITIVE_ManageUserActionOpenProfilePaymentHistorySchedPaymentAndNewAutopay"/>
</testsuite> <!-- Revopay.NewAP010_POSITIVE_ManageUserActionOpenProfilePaymentHistorySchedPaymentAndNewAutopay -->
