<?xml version="1.0" encoding="UTF-8"?>
<!-- Generated by org.testng.reporters.JUnitReportReporter -->
<testsuite hostname="DESKTOP-CTL94RM" name="Revopay.RevopaySmokeTest1" tests="1" failures="0" timestamp="8 Jun 2018 00:18:38 GMT" time="3.953" errors="0">
  <testcase name="VerifyDashboardPage" time="3.953" classname="Revopay.RevopaySmokeTest1"/>
</testsuite> <!-- Revopay.RevopaySmokeTest1 -->
